01/28/2020 09:26:44 PM 
[93mProbe watcher starting[0m

01/28/2020 09:37:00 PM 
[93mProbe watcher starting[0m

02/19/2020 10:37:34 PM 
[93mProbe watcher starting[0m

02/19/2020 10:37:34 PM Sniffing probes on interface wlan0mon
02/19/2020 10:38:34 PM 
[93mProbe watcher starting[0m

02/19/2020 10:38:34 PM Sniffing probes on interface wlan0mon
02/20/2020 10:32:03 PM 
[93mProbe watcher starting[0m

02/20/2020 10:32:03 PM Sniffing probes on interface wlan0mon
02/20/2020 10:36:58 PM 
[93mProbe watcher starting[0m

02/20/2020 10:36:58 PM Sniffing probes on interface wlan0mon
02/20/2020 10:38:06 PM 
[93mProbe watcher starting[0m

02/20/2020 10:38:06 PM Sniffing probes on interface wlan0mon
02/20/2020 10:39:27 PM 
[93mProbe watcher starting[0m

02/20/2020 10:39:27 PM Sniffing probes on interface wlan0mon
02/20/2020 10:39:27 PM Beacon frame received.
02/20/2020 10:39:27 PM Beacon frame received.
02/20/2020 10:39:27 PM Beacon frame received.
02/20/2020 10:39:27 PM Beacon frame received.
02/20/2020 10:39:27 PM Beacon frame received.
02/20/2020 10:39:27 PM Beacon frame received.
02/20/2020 10:39:27 PM Beacon frame received.
02/20/2020 10:39:27 PM Beacon frame received.
02/20/2020 10:39:27 PM Beacon frame received.
02/20/2020 10:39:27 PM Beacon frame received.
02/20/2020 10:39:27 PM Beacon frame received.
02/20/2020 10:39:27 PM Beacon frame received.
02/20/2020 10:39:27 PM Beacon frame received.
02/20/2020 10:39:27 PM Beacon frame received.
02/20/2020 10:39:27 PM Beacon frame received.
02/20/2020 10:39:27 PM Beacon frame received.
02/20/2020 10:39:27 PM Beacon frame received.
02/20/2020 10:39:27 PM Beacon frame received.
02/20/2020 10:39:27 PM Beacon frame received.
02/20/2020 10:39:27 PM Beacon frame received.
02/20/2020 10:39:27 PM Beacon frame received.
02/20/2020 10:39:27 PM Beacon frame received.
02/20/2020 10:39:27 PM Beacon frame received.
02/20/2020 10:39:28 PM Beacon frame received.
02/20/2020 10:39:28 PM Beacon frame received.
02/20/2020 10:39:28 PM Beacon frame received.
02/20/2020 10:39:28 PM Beacon frame received.
02/20/2020 10:39:28 PM Beacon frame received.
02/20/2020 10:39:28 PM Beacon frame received.
02/20/2020 10:39:28 PM Beacon frame received.
02/20/2020 10:39:28 PM Beacon frame received.
02/20/2020 10:39:28 PM Beacon frame received.
02/20/2020 10:39:28 PM Beacon frame received.
02/20/2020 10:39:28 PM Beacon frame received.
02/20/2020 10:39:28 PM Beacon frame received.
02/20/2020 10:39:28 PM Beacon frame received.
02/20/2020 10:39:28 PM Beacon frame received.
02/20/2020 10:39:28 PM Beacon frame received.
02/20/2020 10:39:28 PM Beacon frame received.
02/20/2020 10:39:28 PM Beacon frame received.
02/20/2020 10:39:28 PM Beacon frame received.
02/20/2020 10:39:28 PM Beacon frame received.
02/20/2020 10:39:28 PM Beacon frame received.
02/20/2020 10:39:28 PM Beacon frame received.
02/20/2020 10:39:28 PM Beacon frame received.
02/20/2020 10:39:28 PM Beacon frame received.
02/20/2020 10:39:28 PM Beacon frame received.
02/20/2020 10:39:28 PM Beacon frame received.
02/20/2020 10:39:28 PM Beacon frame received.
02/20/2020 10:39:28 PM Beacon frame received.
02/20/2020 10:39:28 PM Beacon frame received.
02/20/2020 10:39:28 PM Beacon frame received.
02/20/2020 10:39:28 PM Beacon frame received.
02/20/2020 10:39:28 PM Beacon frame received.
02/20/2020 10:39:28 PM Beacon frame received.
02/20/2020 10:39:28 PM Beacon frame received.
02/20/2020 10:39:28 PM Beacon frame received.
02/20/2020 10:39:28 PM Beacon frame received.
02/20/2020 10:39:28 PM Beacon frame received.
02/20/2020 10:39:28 PM Beacon frame received.
02/20/2020 10:39:28 PM Beacon frame received.
02/20/2020 10:39:28 PM Beacon frame received.
02/20/2020 10:39:28 PM Beacon frame received.
02/20/2020 10:39:28 PM Beacon frame received.
02/20/2020 10:39:28 PM Beacon frame received.
02/20/2020 10:39:28 PM Beacon frame received.
02/20/2020 10:39:28 PM Beacon frame received.
02/20/2020 10:39:28 PM Beacon frame received.
02/20/2020 10:39:28 PM Beacon frame received.
02/20/2020 10:39:28 PM Beacon frame received.
02/20/2020 10:39:28 PM Beacon frame received.
02/20/2020 10:39:28 PM Beacon frame received.
02/20/2020 10:39:28 PM Beacon frame received.
02/20/2020 10:39:28 PM Beacon frame received.
02/20/2020 10:39:28 PM Beacon frame received.
02/20/2020 10:39:28 PM Beacon frame received.
02/20/2020 10:39:28 PM Beacon frame received.
02/20/2020 10:39:28 PM Beacon frame received.
02/20/2020 10:39:28 PM Beacon frame received.
02/20/2020 10:39:28 PM Beacon frame received.
02/20/2020 10:39:28 PM Beacon frame received.
02/20/2020 10:39:28 PM Beacon frame received.
02/20/2020 10:39:29 PM Beacon frame received.
02/20/2020 10:39:29 PM Beacon frame received.
02/20/2020 10:39:29 PM Beacon frame received.
02/20/2020 10:39:29 PM Beacon frame received.
02/20/2020 10:39:29 PM Beacon frame received.
02/20/2020 10:39:29 PM Beacon frame received.
02/20/2020 10:39:29 PM Beacon frame received.
02/20/2020 10:39:29 PM Beacon frame received.
02/20/2020 10:39:29 PM Beacon frame received.
02/20/2020 10:39:29 PM Beacon frame received.
02/20/2020 10:39:29 PM Beacon frame received.
02/20/2020 10:39:29 PM Beacon frame received.
02/20/2020 10:39:29 PM Beacon frame received.
02/20/2020 10:39:29 PM Beacon frame received.
02/20/2020 10:39:29 PM Beacon frame received.
02/20/2020 10:39:29 PM Beacon frame received.
02/20/2020 10:39:29 PM Beacon frame received.
02/20/2020 10:39:29 PM Beacon frame received.
02/20/2020 10:39:29 PM Beacon frame received.
02/20/2020 10:39:29 PM Beacon frame received.
02/20/2020 10:39:29 PM Beacon frame received.
02/20/2020 10:39:29 PM Probe request received.
02/20/2020 10:39:29 PM Probe request received.
02/20/2020 10:39:29 PM Probe request received.
02/20/2020 10:39:29 PM Probe request received.
02/20/2020 10:39:29 PM Beacon frame received.
02/20/2020 10:39:29 PM Beacon frame received.
02/20/2020 10:39:29 PM Beacon frame received.
02/20/2020 10:39:29 PM Beacon frame received.
02/20/2020 10:39:29 PM Beacon frame received.
02/20/2020 10:39:29 PM Beacon frame received.
02/20/2020 10:39:29 PM Beacon frame received.
02/20/2020 10:39:29 PM Beacon frame received.
02/20/2020 10:39:29 PM Beacon frame received.
02/20/2020 10:39:29 PM Beacon frame received.
02/20/2020 10:39:29 PM Beacon frame received.
02/20/2020 10:39:29 PM Beacon frame received.
02/20/2020 10:39:29 PM Beacon frame received.
02/20/2020 10:39:29 PM Beacon frame received.
02/20/2020 10:39:29 PM Beacon frame received.
02/20/2020 10:39:29 PM Beacon frame received.
02/20/2020 10:39:29 PM Beacon frame received.
02/20/2020 10:39:29 PM Beacon frame received.
02/20/2020 10:39:29 PM Beacon frame received.
02/20/2020 10:39:29 PM Beacon frame received.
02/20/2020 10:39:29 PM Beacon frame received.
02/20/2020 10:39:29 PM Beacon frame received.
02/20/2020 10:39:29 PM Beacon frame received.
02/20/2020 10:39:29 PM Beacon frame received.
02/20/2020 10:39:29 PM Beacon frame received.
02/20/2020 10:39:29 PM Beacon frame received.
02/20/2020 10:39:29 PM Beacon frame received.
02/20/2020 10:39:29 PM Beacon frame received.
02/20/2020 10:39:29 PM Beacon frame received.
02/20/2020 10:39:29 PM Beacon frame received.
02/20/2020 10:39:29 PM Beacon frame received.
02/20/2020 10:39:29 PM Beacon frame received.
02/20/2020 10:39:30 PM Beacon frame received.
02/20/2020 10:39:30 PM Beacon frame received.
02/20/2020 10:39:30 PM Beacon frame received.
02/20/2020 10:39:30 PM Beacon frame received.
02/20/2020 10:39:30 PM Beacon frame received.
02/20/2020 10:39:30 PM Beacon frame received.
02/20/2020 10:39:30 PM Beacon frame received.
02/20/2020 10:39:30 PM Beacon frame received.
02/20/2020 10:39:30 PM Beacon frame received.
02/20/2020 10:39:30 PM Beacon frame received.
02/20/2020 10:39:30 PM Beacon frame received.
02/20/2020 10:39:30 PM Beacon frame received.
02/20/2020 10:39:30 PM Beacon frame received.
02/20/2020 10:39:30 PM Beacon frame received.
02/20/2020 10:39:30 PM Beacon frame received.
02/20/2020 10:39:30 PM Beacon frame received.
02/20/2020 10:39:30 PM Beacon frame received.
02/20/2020 10:39:30 PM Beacon frame received.
02/20/2020 10:39:30 PM Beacon frame received.
02/20/2020 10:39:30 PM Beacon frame received.
02/20/2020 10:39:30 PM Beacon frame received.
02/20/2020 10:39:30 PM Beacon frame received.
02/20/2020 10:39:30 PM Beacon frame received.
02/20/2020 10:39:30 PM Beacon frame received.
02/20/2020 10:39:30 PM Beacon frame received.
02/20/2020 10:39:30 PM Beacon frame received.
02/20/2020 10:39:30 PM Beacon frame received.
02/20/2020 10:39:30 PM Beacon frame received.
02/20/2020 10:39:30 PM Beacon frame received.
02/20/2020 10:39:30 PM Beacon frame received.
02/20/2020 10:39:30 PM Beacon frame received.
02/20/2020 10:39:30 PM Beacon frame received.
02/20/2020 10:39:30 PM Beacon frame received.
02/20/2020 10:39:30 PM Beacon frame received.
02/20/2020 10:39:30 PM Beacon frame received.
02/20/2020 10:39:30 PM Beacon frame received.
02/20/2020 10:39:30 PM Beacon frame received.
02/20/2020 10:39:30 PM Beacon frame received.
02/20/2020 10:39:30 PM Beacon frame received.
02/20/2020 10:39:30 PM Beacon frame received.
02/20/2020 10:39:30 PM Beacon frame received.
02/20/2020 10:39:30 PM Beacon frame received.
02/20/2020 10:39:30 PM Beacon frame received.
02/20/2020 10:39:30 PM Beacon frame received.
02/20/2020 10:39:30 PM Beacon frame received.
02/20/2020 10:39:30 PM Beacon frame received.
02/20/2020 10:39:30 PM Beacon frame received.
02/20/2020 10:39:30 PM Beacon frame received.
02/20/2020 10:39:30 PM Beacon frame received.
02/20/2020 10:39:30 PM Beacon frame received.
02/20/2020 10:39:30 PM Beacon frame received.
02/20/2020 10:39:30 PM Beacon frame received.
02/20/2020 10:39:30 PM Beacon frame received.
02/20/2020 10:39:30 PM Beacon frame received.
02/20/2020 10:39:30 PM Beacon frame received.
02/20/2020 10:39:31 PM Beacon frame received.
02/20/2020 10:39:31 PM Beacon frame received.
02/20/2020 10:39:31 PM Beacon frame received.
02/20/2020 10:39:31 PM Beacon frame received.
02/20/2020 10:39:31 PM Beacon frame received.
02/20/2020 10:39:31 PM Beacon frame received.
02/20/2020 10:39:31 PM Beacon frame received.
02/20/2020 10:39:31 PM Beacon frame received.
02/20/2020 10:39:31 PM Beacon frame received.
02/20/2020 10:39:31 PM Beacon frame received.
02/20/2020 10:39:31 PM Beacon frame received.
02/20/2020 10:39:31 PM Beacon frame received.
02/20/2020 10:39:31 PM Beacon frame received.
02/20/2020 10:39:31 PM Beacon frame received.
02/20/2020 10:39:31 PM Beacon frame received.
02/20/2020 10:39:31 PM Beacon frame received.
02/20/2020 10:39:31 PM Beacon frame received.
02/20/2020 10:39:31 PM Beacon frame received.
02/20/2020 10:39:31 PM Beacon frame received.
02/20/2020 10:39:31 PM Beacon frame received.
02/20/2020 10:39:31 PM Beacon frame received.
02/20/2020 10:39:31 PM Beacon frame received.
02/20/2020 10:39:31 PM Beacon frame received.
02/20/2020 10:39:31 PM Probe response received.
02/20/2020 10:39:31 PM Beacon frame received.
02/20/2020 10:39:31 PM Beacon frame received.
02/20/2020 10:39:31 PM Beacon frame received.
02/20/2020 10:39:31 PM Beacon frame received.
02/20/2020 10:39:31 PM Probe response received.
02/20/2020 10:39:31 PM Beacon frame received.
02/20/2020 10:39:31 PM Beacon frame received.
02/20/2020 10:39:31 PM Probe response received.
02/20/2020 10:39:31 PM Beacon frame received.
02/20/2020 10:39:31 PM Beacon frame received.
02/20/2020 10:39:31 PM Beacon frame received.
02/20/2020 10:39:31 PM Beacon frame received.
02/20/2020 10:39:31 PM Beacon frame received.
02/20/2020 10:39:31 PM Beacon frame received.
02/20/2020 10:39:31 PM Beacon frame received.
02/20/2020 10:39:31 PM Beacon frame received.
02/20/2020 10:39:31 PM Beacon frame received.
02/20/2020 10:39:31 PM Beacon frame received.
02/20/2020 10:39:31 PM Beacon frame received.
02/20/2020 10:39:31 PM Beacon frame received.
02/20/2020 10:39:31 PM Beacon frame received.
02/20/2020 10:39:31 PM Beacon frame received.
02/20/2020 10:39:31 PM Beacon frame received.
02/20/2020 10:39:31 PM Beacon frame received.
02/20/2020 10:39:31 PM Beacon frame received.
02/20/2020 10:39:31 PM Beacon frame received.
02/20/2020 10:39:31 PM Beacon frame received.
02/20/2020 10:39:31 PM Beacon frame received.
02/20/2020 10:39:31 PM Probe response received.
02/20/2020 10:39:31 PM Beacon frame received.
02/20/2020 10:39:31 PM Beacon frame received.
02/20/2020 10:39:31 PM Beacon frame received.
02/20/2020 10:39:31 PM Beacon frame received.
02/20/2020 10:39:31 PM Beacon frame received.
02/20/2020 10:39:32 PM Beacon frame received.
02/20/2020 10:39:32 PM Beacon frame received.
02/20/2020 10:39:32 PM Beacon frame received.
02/20/2020 10:39:32 PM Beacon frame received.
02/20/2020 10:39:32 PM Beacon frame received.
02/20/2020 10:39:32 PM Probe response received.
02/20/2020 10:39:32 PM Probe response received.
02/20/2020 10:39:32 PM Probe response received.
02/20/2020 10:39:32 PM Beacon frame received.
02/20/2020 10:39:32 PM Beacon frame received.
02/20/2020 10:39:32 PM Beacon frame received.
02/20/2020 10:39:32 PM Beacon frame received.
02/20/2020 10:39:32 PM Beacon frame received.
02/20/2020 10:39:32 PM Probe response received.
02/20/2020 10:39:32 PM Beacon frame received.
02/20/2020 10:39:32 PM Beacon frame received.
02/20/2020 10:39:32 PM Beacon frame received.
02/20/2020 10:39:32 PM Beacon frame received.
02/20/2020 10:39:32 PM Beacon frame received.
02/20/2020 10:39:32 PM Beacon frame received.
02/20/2020 10:39:32 PM Beacon frame received.
02/20/2020 10:39:32 PM Beacon frame received.
02/20/2020 10:39:32 PM Beacon frame received.
02/20/2020 10:39:32 PM Beacon frame received.
02/20/2020 10:39:32 PM Beacon frame received.
02/20/2020 10:39:32 PM Beacon frame received.
02/20/2020 10:39:32 PM Beacon frame received.
02/20/2020 10:39:32 PM Beacon frame received.
02/20/2020 10:39:32 PM Beacon frame received.
02/20/2020 10:39:32 PM Beacon frame received.
02/20/2020 10:39:32 PM Beacon frame received.
02/20/2020 10:39:32 PM Beacon frame received.
02/20/2020 10:39:32 PM Beacon frame received.
02/20/2020 10:39:32 PM Beacon frame received.
02/20/2020 10:39:32 PM Beacon frame received.
02/20/2020 10:39:32 PM Beacon frame received.
02/20/2020 10:39:32 PM Beacon frame received.
02/20/2020 10:39:32 PM Beacon frame received.
02/20/2020 10:39:32 PM Beacon frame received.
02/20/2020 10:39:32 PM Beacon frame received.
02/20/2020 10:39:32 PM Beacon frame received.
02/20/2020 10:39:32 PM Beacon frame received.
02/20/2020 10:39:32 PM Beacon frame received.
02/20/2020 10:39:32 PM Beacon frame received.
02/20/2020 10:39:32 PM Beacon frame received.
02/20/2020 10:39:32 PM Beacon frame received.
02/20/2020 10:39:32 PM Beacon frame received.
02/20/2020 10:39:32 PM Beacon frame received.
02/20/2020 10:39:32 PM Beacon frame received.
02/20/2020 10:39:32 PM Beacon frame received.
02/20/2020 10:39:32 PM Beacon frame received.
02/20/2020 10:39:32 PM Beacon frame received.
02/20/2020 10:39:32 PM Beacon frame received.
02/20/2020 10:39:32 PM Beacon frame received.
02/20/2020 10:39:32 PM Beacon frame received.
02/20/2020 10:39:32 PM Beacon frame received.
02/20/2020 10:39:33 PM Beacon frame received.
02/20/2020 10:39:33 PM Beacon frame received.
02/20/2020 10:39:33 PM Beacon frame received.
02/20/2020 10:39:33 PM Beacon frame received.
02/20/2020 10:39:33 PM Beacon frame received.
02/20/2020 10:39:33 PM Beacon frame received.
02/20/2020 10:39:33 PM Beacon frame received.
02/20/2020 10:39:33 PM Beacon frame received.
02/20/2020 10:39:33 PM Beacon frame received.
02/20/2020 10:39:33 PM Beacon frame received.
02/20/2020 10:39:33 PM Beacon frame received.
02/20/2020 10:39:33 PM Beacon frame received.
02/20/2020 10:39:33 PM Beacon frame received.
02/20/2020 10:39:33 PM Beacon frame received.
02/20/2020 10:39:33 PM Beacon frame received.
02/20/2020 10:39:33 PM Beacon frame received.
02/20/2020 10:39:33 PM Beacon frame received.
02/20/2020 10:39:33 PM Beacon frame received.
02/20/2020 10:39:33 PM Beacon frame received.
02/20/2020 10:39:33 PM Beacon frame received.
02/20/2020 10:39:33 PM Beacon frame received.
02/20/2020 10:39:33 PM Beacon frame received.
02/20/2020 10:39:33 PM Beacon frame received.
02/20/2020 10:39:33 PM Beacon frame received.
02/20/2020 10:39:33 PM Beacon frame received.
02/20/2020 10:39:33 PM Beacon frame received.
02/20/2020 10:39:33 PM Beacon frame received.
02/20/2020 10:39:33 PM Beacon frame received.
02/20/2020 10:39:33 PM Beacon frame received.
02/20/2020 10:39:33 PM Beacon frame received.
02/20/2020 10:39:33 PM Beacon frame received.
02/20/2020 10:39:33 PM Beacon frame received.
02/20/2020 10:39:33 PM Beacon frame received.
02/20/2020 10:39:33 PM Beacon frame received.
02/20/2020 10:39:33 PM Beacon frame received.
02/20/2020 10:39:33 PM Beacon frame received.
02/20/2020 10:39:33 PM Beacon frame received.
02/20/2020 10:39:33 PM Beacon frame received.
02/20/2020 10:39:33 PM Beacon frame received.
02/20/2020 10:39:33 PM Beacon frame received.
02/20/2020 10:39:33 PM Beacon frame received.
02/20/2020 10:39:33 PM Beacon frame received.
02/20/2020 10:39:33 PM Beacon frame received.
02/20/2020 10:39:33 PM Beacon frame received.
02/20/2020 10:39:33 PM Beacon frame received.
02/20/2020 10:39:33 PM Beacon frame received.
02/20/2020 10:39:33 PM Beacon frame received.
02/20/2020 10:39:33 PM Beacon frame received.
02/20/2020 10:39:33 PM Beacon frame received.
02/20/2020 10:39:33 PM Beacon frame received.
02/20/2020 10:39:33 PM Beacon frame received.
02/20/2020 10:39:34 PM Beacon frame received.
02/20/2020 10:39:34 PM Beacon frame received.
02/20/2020 10:39:34 PM Beacon frame received.
02/20/2020 10:39:34 PM Beacon frame received.
02/20/2020 10:39:34 PM Beacon frame received.
02/20/2020 10:39:34 PM Beacon frame received.
02/20/2020 10:39:34 PM Beacon frame received.
02/20/2020 10:39:34 PM Beacon frame received.
02/20/2020 10:39:34 PM Beacon frame received.
02/20/2020 10:39:34 PM Beacon frame received.
02/20/2020 10:39:34 PM Beacon frame received.
02/20/2020 10:39:34 PM Beacon frame received.
02/20/2020 10:39:34 PM Beacon frame received.
02/20/2020 10:39:34 PM Beacon frame received.
02/20/2020 10:39:34 PM Beacon frame received.
02/20/2020 10:39:34 PM Beacon frame received.
02/20/2020 10:39:34 PM Beacon frame received.
02/20/2020 10:39:34 PM Probe response received.
02/20/2020 10:39:34 PM Probe response received.
02/20/2020 10:39:34 PM Probe response received.
02/20/2020 10:39:34 PM Probe response received.
02/20/2020 10:39:34 PM Probe response received.
02/20/2020 10:39:34 PM Beacon frame received.
02/20/2020 10:39:34 PM Beacon frame received.
02/20/2020 10:39:34 PM Beacon frame received.
02/20/2020 10:39:34 PM Beacon frame received.
02/20/2020 10:39:34 PM Beacon frame received.
02/20/2020 10:39:34 PM Beacon frame received.
02/20/2020 10:39:34 PM Beacon frame received.
02/20/2020 10:39:34 PM Beacon frame received.
02/20/2020 10:39:34 PM Beacon frame received.
02/20/2020 10:39:34 PM Beacon frame received.
02/20/2020 10:39:34 PM Beacon frame received.
02/20/2020 10:39:34 PM Beacon frame received.
02/20/2020 10:39:34 PM Beacon frame received.
02/20/2020 10:39:34 PM Beacon frame received.
02/20/2020 10:39:34 PM Beacon frame received.
02/20/2020 10:39:34 PM Beacon frame received.
02/20/2020 10:39:34 PM Beacon frame received.
02/20/2020 10:39:34 PM Beacon frame received.
02/20/2020 10:39:34 PM Beacon frame received.
02/20/2020 10:39:34 PM Probe request received.
02/20/2020 10:39:34 PM Probe request received.
02/20/2020 10:39:34 PM Beacon frame received.
02/20/2020 10:39:34 PM Probe request received.
02/20/2020 10:39:34 PM Beacon frame received.
02/20/2020 10:39:34 PM Beacon frame received.
02/20/2020 10:39:34 PM Beacon frame received.
02/20/2020 10:39:34 PM Probe request received.
02/20/2020 10:39:34 PM Probe request received.
02/20/2020 10:39:34 PM Probe request received.
02/20/2020 10:39:34 PM Beacon frame received.
02/20/2020 10:39:34 PM Beacon frame received.
02/20/2020 10:39:34 PM Beacon frame received.
02/20/2020 10:39:34 PM Beacon frame received.
02/20/2020 10:39:34 PM Beacon frame received.
02/20/2020 10:39:34 PM Beacon frame received.
02/20/2020 10:39:34 PM Beacon frame received.
02/20/2020 10:39:34 PM Probe request received.
02/20/2020 10:39:34 PM Probe request received.
02/20/2020 10:39:34 PM Probe request received.
02/20/2020 10:39:34 PM Beacon frame received.
02/20/2020 10:39:34 PM Beacon frame received.
02/20/2020 10:39:34 PM Beacon frame received.
02/20/2020 10:39:34 PM Beacon frame received.
02/20/2020 10:39:35 PM Probe request received.
02/20/2020 10:39:35 PM Probe request received.
02/20/2020 10:39:35 PM Probe request received.
02/20/2020 10:39:35 PM Probe request received.
02/20/2020 10:39:35 PM Beacon frame received.
02/20/2020 10:39:35 PM Beacon frame received.
02/20/2020 10:39:35 PM Beacon frame received.
02/20/2020 10:39:35 PM Beacon frame received.
02/20/2020 10:39:35 PM Probe request received.
02/20/2020 10:39:35 PM Probe request received.
02/20/2020 10:39:35 PM Probe request received.
02/20/2020 10:39:35 PM Beacon frame received.
02/20/2020 10:39:35 PM Beacon frame received.
02/20/2020 10:39:35 PM Beacon frame received.
02/20/2020 10:39:35 PM Beacon frame received.
02/20/2020 10:39:35 PM Beacon frame received.
02/20/2020 10:39:35 PM Beacon frame received.
02/20/2020 10:39:35 PM Beacon frame received.
02/20/2020 10:39:35 PM Beacon frame received.
02/20/2020 10:39:35 PM Beacon frame received.
02/20/2020 10:39:35 PM Beacon frame received.
02/20/2020 10:39:35 PM Beacon frame received.
02/20/2020 10:39:35 PM Beacon frame received.
02/20/2020 10:39:35 PM Beacon frame received.
02/20/2020 10:39:35 PM Beacon frame received.
02/20/2020 10:39:35 PM Beacon frame received.
02/20/2020 10:39:35 PM Beacon frame received.
02/20/2020 10:39:35 PM Beacon frame received.
02/20/2020 10:39:35 PM Beacon frame received.
02/20/2020 10:39:35 PM Beacon frame received.
02/20/2020 10:39:35 PM Beacon frame received.
02/20/2020 10:39:35 PM Beacon frame received.
02/20/2020 10:39:35 PM Beacon frame received.
02/20/2020 10:39:35 PM Beacon frame received.
02/20/2020 10:39:35 PM Beacon frame received.
02/20/2020 10:39:35 PM Beacon frame received.
02/20/2020 10:39:35 PM Beacon frame received.
02/20/2020 10:39:35 PM Beacon frame received.
02/20/2020 10:39:35 PM Beacon frame received.
02/20/2020 10:39:35 PM Beacon frame received.
02/20/2020 10:39:35 PM Beacon frame received.
02/20/2020 10:39:35 PM Beacon frame received.
02/20/2020 10:39:35 PM Beacon frame received.
02/20/2020 10:39:35 PM Beacon frame received.
02/20/2020 10:39:35 PM Beacon frame received.
02/20/2020 10:39:35 PM Beacon frame received.
02/20/2020 10:39:35 PM Beacon frame received.
02/20/2020 10:39:35 PM Beacon frame received.
02/20/2020 10:39:35 PM Beacon frame received.
02/20/2020 10:39:35 PM Beacon frame received.
02/20/2020 10:39:35 PM Beacon frame received.
02/20/2020 10:39:35 PM Beacon frame received.
02/20/2020 10:39:35 PM Beacon frame received.
02/20/2020 10:39:35 PM Beacon frame received.
02/20/2020 10:39:35 PM Beacon frame received.
02/20/2020 10:39:35 PM Beacon frame received.
02/20/2020 10:39:36 PM Beacon frame received.
02/20/2020 10:39:36 PM Beacon frame received.
02/20/2020 10:39:36 PM Beacon frame received.
02/20/2020 10:39:36 PM Beacon frame received.
02/20/2020 10:39:36 PM Beacon frame received.
02/20/2020 10:39:36 PM Beacon frame received.
02/20/2020 10:39:36 PM Beacon frame received.
02/20/2020 10:39:36 PM Beacon frame received.
02/20/2020 10:39:36 PM Beacon frame received.
02/20/2020 10:39:36 PM Beacon frame received.
02/20/2020 10:39:36 PM Beacon frame received.
02/20/2020 10:39:36 PM Beacon frame received.
02/20/2020 10:39:36 PM Beacon frame received.
02/20/2020 10:39:36 PM Beacon frame received.
02/20/2020 10:39:36 PM Beacon frame received.
02/20/2020 10:39:36 PM Beacon frame received.
02/20/2020 10:39:36 PM Beacon frame received.
02/20/2020 10:39:36 PM Beacon frame received.
02/20/2020 10:39:36 PM Beacon frame received.
02/20/2020 10:39:36 PM Beacon frame received.
02/20/2020 10:39:36 PM Beacon frame received.
02/20/2020 10:39:36 PM Beacon frame received.
02/20/2020 10:39:36 PM Beacon frame received.
02/20/2020 10:39:36 PM Beacon frame received.
02/20/2020 10:39:36 PM Beacon frame received.
02/20/2020 10:39:36 PM Beacon frame received.
02/20/2020 10:39:36 PM Beacon frame received.
02/20/2020 10:39:36 PM Beacon frame received.
02/20/2020 10:39:36 PM Beacon frame received.
02/20/2020 10:39:36 PM Beacon frame received.
02/20/2020 10:39:36 PM Beacon frame received.
02/20/2020 10:39:36 PM Beacon frame received.
02/20/2020 10:39:36 PM Beacon frame received.
02/20/2020 10:39:36 PM Beacon frame received.
02/20/2020 10:39:36 PM Beacon frame received.
02/20/2020 10:39:36 PM Beacon frame received.
02/20/2020 10:39:36 PM Beacon frame received.
02/20/2020 10:39:36 PM Beacon frame received.
02/20/2020 10:39:36 PM Beacon frame received.
02/20/2020 10:39:36 PM Beacon frame received.
02/20/2020 10:39:36 PM Beacon frame received.
02/20/2020 10:39:36 PM Beacon frame received.
02/20/2020 10:42:35 PM 
[93mProbe watcher starting[0m

02/20/2020 10:42:35 PM Sniffing probes on interface wlan0mon
02/20/2020 10:42:35 PM Beacon frame received.
02/20/2020 10:43:29 PM 
[93mProbe watcher starting[0m

02/20/2020 10:43:29 PM Sniffing probes on interface wlan0mon
02/20/2020 10:43:29 PM Beacon frame received.
02/20/2020 10:59:19 PM 
[93mProbe watcher starting[0m

02/20/2020 10:59:19 PM Sniffing probes on interface wlan0mon
02/20/2020 10:59:19 PM Beacon frame received 0 8.
02/20/2020 10:59:19 PM Beacon frame received 0 8.
02/20/2020 10:59:19 PM Beacon frame received 0 8.
02/20/2020 10:59:19 PM Beacon frame received 0 8.
02/20/2020 10:59:19 PM Beacon frame received 0 8.
02/20/2020 10:59:19 PM Beacon frame received 0 8.
02/20/2020 10:59:19 PM Beacon frame received 0 8.
02/20/2020 10:59:19 PM Beacon frame received 0 8.
02/20/2020 10:59:19 PM Beacon frame received 0 8.
02/20/2020 10:59:19 PM Beacon frame received 0 8.
02/20/2020 10:59:19 PM Beacon frame received 0 8.
02/20/2020 10:59:19 PM Beacon frame received 0 8.
02/20/2020 10:59:19 PM Beacon frame received 0 8.
02/20/2020 10:59:19 PM Beacon frame received 0 8.
02/20/2020 10:59:19 PM Beacon frame received 0 8.
02/20/2020 10:59:19 PM Beacon frame received 0 8.
02/20/2020 10:59:19 PM Beacon frame received 0 8.
02/20/2020 10:59:19 PM Beacon frame received 0 8.
02/20/2020 10:59:19 PM Beacon frame received 0 8.
02/20/2020 10:59:19 PM Beacon frame received 0 8.
02/20/2020 10:59:19 PM Beacon frame received 0 8.
02/20/2020 10:59:19 PM Beacon frame received 0 8.
02/20/2020 10:59:19 PM Beacon frame received 0 8.
02/20/2020 10:59:19 PM Beacon frame received 0 8.
02/20/2020 10:59:19 PM Beacon frame received 0 8.
02/20/2020 10:59:19 PM Beacon frame received 0 8.
02/20/2020 10:59:19 PM Beacon frame received 0 8.
02/20/2020 10:59:20 PM Beacon frame received 0 8.
02/20/2020 10:59:20 PM Beacon frame received 0 8.
02/20/2020 10:59:20 PM Beacon frame received 0 8.
02/20/2020 10:59:20 PM Beacon frame received 0 8.
02/20/2020 10:59:20 PM Beacon frame received 0 8.
02/20/2020 10:59:20 PM Beacon frame received 0 8.
02/20/2020 10:59:20 PM Probe request received 0 4.
02/20/2020 10:59:20 PM Probe request received 0 4.
02/20/2020 10:59:20 PM Probe request received 0 4.
02/20/2020 10:59:20 PM Probe request received 0 4.
02/20/2020 10:59:20 PM Beacon frame received 0 8.
02/20/2020 10:59:20 PM Beacon frame received 0 8.
02/20/2020 10:59:20 PM Beacon frame received 0 8.
02/20/2020 10:59:20 PM Beacon frame received 0 8.
02/20/2020 10:59:20 PM Beacon frame received 0 8.
02/20/2020 10:59:20 PM Beacon frame received 0 8.
02/20/2020 10:59:20 PM Beacon frame received 0 8.
02/20/2020 10:59:20 PM Beacon frame received 0 8.
02/20/2020 10:59:20 PM Beacon frame received 0 8.
02/20/2020 10:59:20 PM Beacon frame received 0 8.
02/20/2020 10:59:20 PM Beacon frame received 0 8.
02/20/2020 10:59:20 PM Beacon frame received 0 8.
02/20/2020 10:59:20 PM Beacon frame received 0 8.
02/20/2020 10:59:20 PM Beacon frame received 0 8.
02/20/2020 10:59:20 PM Beacon frame received 0 8.
02/20/2020 10:59:20 PM Beacon frame received 0 8.
02/20/2020 10:59:20 PM Beacon frame received 0 8.
02/20/2020 10:59:20 PM Beacon frame received 0 8.
02/20/2020 10:59:20 PM Beacon frame received 0 8.
02/20/2020 10:59:20 PM Beacon frame received 0 8.
02/20/2020 10:59:20 PM Beacon frame received 0 8.
02/20/2020 10:59:20 PM Beacon frame received 0 8.
02/20/2020 10:59:20 PM Beacon frame received 0 8.
02/20/2020 10:59:20 PM Beacon frame received 0 8.
02/20/2020 10:59:20 PM Beacon frame received 0 8.
02/20/2020 10:59:20 PM Beacon frame received 0 8.
02/20/2020 10:59:20 PM Beacon frame received 0 8.
02/20/2020 10:59:20 PM Beacon frame received 0 8.
02/20/2020 10:59:20 PM Beacon frame received 0 8.
02/20/2020 10:59:20 PM Beacon frame received 0 8.
02/20/2020 10:59:20 PM Beacon frame received 0 8.
02/20/2020 10:59:20 PM Beacon frame received 0 8.
02/20/2020 10:59:20 PM Beacon frame received 0 8.
02/20/2020 10:59:20 PM Beacon frame received 0 8.
02/20/2020 10:59:20 PM Beacon frame received 0 8.
02/20/2020 10:59:20 PM Beacon frame received 0 8.
02/20/2020 10:59:20 PM Beacon frame received 0 8.
02/20/2020 10:59:20 PM Beacon frame received 0 8.
02/20/2020 10:59:20 PM Beacon frame received 0 8.
02/20/2020 10:59:20 PM Beacon frame received 0 8.
02/20/2020 10:59:20 PM Beacon frame received 0 8.
02/20/2020 10:59:20 PM Beacon frame received 0 8.
02/20/2020 10:59:20 PM Beacon frame received 0 8.
02/20/2020 10:59:20 PM Beacon frame received 0 8.
02/20/2020 10:59:20 PM Beacon frame received 0 8.
02/20/2020 10:59:21 PM Beacon frame received 0 8.
02/20/2020 10:59:21 PM Beacon frame received 0 8.
02/20/2020 10:59:21 PM Beacon frame received 0 8.
02/20/2020 10:59:21 PM Beacon frame received 0 8.
02/20/2020 10:59:21 PM Beacon frame received 0 8.
02/20/2020 10:59:21 PM Beacon frame received 0 8.
02/20/2020 10:59:21 PM Beacon frame received 0 8.
02/20/2020 10:59:21 PM Beacon frame received 0 8.
02/20/2020 10:59:21 PM Beacon frame received 0 8.
02/20/2020 10:59:21 PM Beacon frame received 0 8.
02/20/2020 10:59:21 PM Beacon frame received 0 8.
02/20/2020 10:59:21 PM Beacon frame received 0 8.
02/20/2020 10:59:21 PM Beacon frame received 0 8.
02/20/2020 10:59:21 PM Beacon frame received 0 8.
02/20/2020 10:59:21 PM Beacon frame received 0 8.
02/20/2020 10:59:21 PM Beacon frame received 0 8.
02/20/2020 10:59:21 PM Beacon frame received 0 8.
02/20/2020 10:59:21 PM Beacon frame received 0 8.
02/20/2020 10:59:21 PM Beacon frame received 0 8.
02/20/2020 10:59:21 PM Beacon frame received 0 8.
02/20/2020 10:59:21 PM Beacon frame received 0 8.
02/20/2020 10:59:21 PM Beacon frame received 0 8.
02/20/2020 10:59:21 PM Beacon frame received 0 8.
02/20/2020 10:59:21 PM Beacon frame received 0 8.
02/20/2020 10:59:21 PM Beacon frame received 0 8.
02/20/2020 10:59:21 PM Beacon frame received 0 8.
02/20/2020 10:59:21 PM Beacon frame received 0 8.
02/20/2020 10:59:21 PM Beacon frame received 0 8.
02/20/2020 10:59:21 PM Beacon frame received 0 8.
02/20/2020 10:59:21 PM Beacon frame received 0 8.
02/20/2020 10:59:21 PM Beacon frame received 0 8.
02/20/2020 10:59:21 PM Beacon frame received 0 8.
02/20/2020 10:59:21 PM Beacon frame received 0 8.
02/20/2020 10:59:21 PM Beacon frame received 0 8.
02/20/2020 10:59:21 PM Beacon frame received 0 8.
02/20/2020 10:59:21 PM Beacon frame received 0 8.
02/20/2020 10:59:21 PM Beacon frame received 0 8.
02/20/2020 10:59:21 PM Beacon frame received 0 8.
02/20/2020 10:59:21 PM Beacon frame received 0 8.
02/20/2020 10:59:21 PM Beacon frame received 0 8.
02/20/2020 10:59:21 PM Beacon frame received 0 8.
02/20/2020 10:59:21 PM Beacon frame received 0 8.
02/20/2020 10:59:21 PM Beacon frame received 0 8.
02/20/2020 10:59:21 PM Beacon frame received 0 8.
02/20/2020 10:59:21 PM Beacon frame received 0 8.
02/20/2020 10:59:21 PM Beacon frame received 0 8.
02/20/2020 10:59:21 PM Beacon frame received 0 8.
02/20/2020 10:59:21 PM Beacon frame received 0 8.
02/20/2020 10:59:21 PM Beacon frame received 0 8.
02/20/2020 10:59:21 PM Beacon frame received 0 8.
02/20/2020 10:59:21 PM Beacon frame received 0 8.
02/20/2020 10:59:21 PM Beacon frame received 0 8.
02/20/2020 10:59:21 PM Beacon frame received 0 8.
02/20/2020 10:59:21 PM Beacon frame received 0 8.
02/20/2020 10:59:21 PM Beacon frame received 0 8.
02/20/2020 10:59:21 PM Beacon frame received 0 8.
02/20/2020 10:59:22 PM Beacon frame received 0 8.
02/20/2020 10:59:22 PM Beacon frame received 0 8.
02/20/2020 10:59:22 PM Beacon frame received 0 8.
02/20/2020 10:59:22 PM Beacon frame received 0 8.
02/20/2020 10:59:22 PM Beacon frame received 0 8.
02/20/2020 10:59:22 PM Beacon frame received 0 8.
02/20/2020 10:59:22 PM Beacon frame received 0 8.
02/20/2020 10:59:22 PM Beacon frame received 0 8.
02/20/2020 10:59:22 PM Beacon frame received 0 8.
02/20/2020 10:59:22 PM Beacon frame received 0 8.
02/20/2020 10:59:22 PM Beacon frame received 0 8.
02/20/2020 10:59:22 PM Beacon frame received 0 8.
02/20/2020 10:59:22 PM Beacon frame received 0 8.
02/20/2020 10:59:22 PM Beacon frame received 0 8.
02/20/2020 10:59:22 PM Beacon frame received 0 8.
02/20/2020 10:59:22 PM Beacon frame received 0 8.
02/20/2020 10:59:22 PM Beacon frame received 0 8.
02/20/2020 10:59:22 PM Beacon frame received 0 8.
02/20/2020 10:59:22 PM Beacon frame received 0 8.
02/20/2020 10:59:22 PM Beacon frame received 0 8.
02/20/2020 10:59:22 PM Beacon frame received 0 8.
02/20/2020 10:59:22 PM Beacon frame received 0 8.
02/20/2020 10:59:22 PM Beacon frame received 0 8.
02/20/2020 10:59:22 PM Beacon frame received 0 8.
02/20/2020 10:59:22 PM Beacon frame received 0 8.
02/20/2020 10:59:22 PM Beacon frame received 0 8.
02/20/2020 10:59:22 PM Beacon frame received 0 8.
02/20/2020 10:59:22 PM Beacon frame received 0 8.
02/20/2020 10:59:22 PM Beacon frame received 0 8.
02/20/2020 10:59:22 PM Beacon frame received 0 8.
02/20/2020 10:59:22 PM Beacon frame received 0 8.
02/20/2020 10:59:22 PM Beacon frame received 0 8.
02/20/2020 10:59:22 PM Beacon frame received 0 8.
02/20/2020 10:59:22 PM Beacon frame received 0 8.
02/20/2020 10:59:22 PM Beacon frame received 0 8.
02/20/2020 10:59:22 PM Beacon frame received 0 8.
02/20/2020 10:59:22 PM Beacon frame received 0 8.
02/20/2020 10:59:22 PM Beacon frame received 0 8.
02/20/2020 10:59:22 PM Beacon frame received 0 8.
02/20/2020 10:59:22 PM Beacon frame received 0 8.
02/20/2020 10:59:22 PM Beacon frame received 0 8.
02/20/2020 10:59:22 PM Beacon frame received 0 8.
02/20/2020 10:59:22 PM Beacon frame received 0 8.
02/20/2020 10:59:22 PM Beacon frame received 0 8.
02/20/2020 10:59:23 PM Beacon frame received 0 8.
02/20/2020 10:59:23 PM Beacon frame received 0 8.
02/20/2020 10:59:23 PM Beacon frame received 0 8.
02/20/2020 10:59:23 PM Beacon frame received 0 8.
02/20/2020 10:59:23 PM Beacon frame received 0 8.
02/20/2020 10:59:23 PM Beacon frame received 0 8.
02/20/2020 10:59:23 PM Beacon frame received 0 8.
02/20/2020 10:59:23 PM Beacon frame received 0 8.
02/20/2020 10:59:23 PM Beacon frame received 0 8.
02/20/2020 10:59:23 PM Beacon frame received 0 8.
02/20/2020 10:59:23 PM Beacon frame received 0 8.
02/20/2020 10:59:23 PM Beacon frame received 0 8.
02/20/2020 10:59:23 PM Beacon frame received 0 8.
02/20/2020 10:59:23 PM Beacon frame received 0 8.
02/20/2020 10:59:23 PM Beacon frame received 0 8.
02/20/2020 10:59:23 PM Beacon frame received 0 8.
02/20/2020 10:59:23 PM Beacon frame received 0 8.
02/20/2020 10:59:23 PM Beacon frame received 0 8.
02/20/2020 10:59:23 PM Beacon frame received 0 8.
02/20/2020 10:59:23 PM Beacon frame received 0 8.
02/20/2020 10:59:23 PM Beacon frame received 0 8.
02/20/2020 10:59:23 PM Beacon frame received 0 8.
02/20/2020 10:59:23 PM Beacon frame received 0 8.
02/20/2020 10:59:23 PM Beacon frame received 0 8.
02/20/2020 10:59:23 PM Beacon frame received 0 8.
02/20/2020 10:59:23 PM Beacon frame received 0 8.
02/20/2020 10:59:23 PM Beacon frame received 0 8.
02/20/2020 10:59:23 PM Beacon frame received 0 8.
02/20/2020 10:59:23 PM Beacon frame received 0 8.
02/20/2020 10:59:23 PM Beacon frame received 0 8.
02/20/2020 10:59:23 PM Beacon frame received 0 8.
02/20/2020 10:59:23 PM Beacon frame received 0 8.
02/20/2020 10:59:23 PM Beacon frame received 0 8.
02/20/2020 10:59:23 PM Beacon frame received 0 8.
02/20/2020 10:59:23 PM Beacon frame received 0 8.
02/20/2020 10:59:23 PM Beacon frame received 0 8.
02/20/2020 10:59:23 PM Beacon frame received 0 8.
02/20/2020 10:59:23 PM Beacon frame received 0 8.
02/20/2020 10:59:23 PM Beacon frame received 0 8.
02/20/2020 10:59:23 PM Beacon frame received 0 8.
02/20/2020 10:59:23 PM Beacon frame received 0 8.
02/20/2020 10:59:23 PM Beacon frame received 0 8.
02/20/2020 10:59:23 PM Beacon frame received 0 8.
02/20/2020 10:59:23 PM Beacon frame received 0 8.
02/20/2020 10:59:23 PM Beacon frame received 0 8.
02/20/2020 10:59:23 PM Beacon frame received 0 8.
02/20/2020 10:59:23 PM Beacon frame received 0 8.
02/20/2020 10:59:23 PM Beacon frame received 0 8.
02/20/2020 10:59:23 PM Beacon frame received 0 8.
02/20/2020 10:59:23 PM Beacon frame received 0 8.
02/20/2020 10:59:24 PM Beacon frame received 0 8.
02/20/2020 10:59:24 PM Beacon frame received 0 8.
02/20/2020 10:59:24 PM Beacon frame received 0 8.
02/20/2020 10:59:24 PM Beacon frame received 0 8.
02/20/2020 10:59:24 PM Beacon frame received 0 8.
02/20/2020 10:59:24 PM Beacon frame received 0 8.
02/20/2020 10:59:24 PM Beacon frame received 0 8.
02/20/2020 10:59:24 PM Beacon frame received 0 8.
02/20/2020 10:59:24 PM Beacon frame received 0 8.
02/20/2020 10:59:24 PM Beacon frame received 0 8.
02/20/2020 10:59:24 PM Beacon frame received 0 8.
02/20/2020 10:59:24 PM Beacon frame received 0 8.
02/20/2020 10:59:24 PM Beacon frame received 0 8.
02/20/2020 10:59:24 PM Beacon frame received 0 8.
02/20/2020 10:59:24 PM Beacon frame received 0 8.
02/20/2020 10:59:24 PM Beacon frame received 0 8.
02/20/2020 10:59:24 PM Beacon frame received 0 8.
02/20/2020 10:59:24 PM Beacon frame received 0 8.
02/20/2020 10:59:24 PM Beacon frame received 0 8.
02/20/2020 10:59:24 PM Beacon frame received 0 8.
02/20/2020 10:59:24 PM Beacon frame received 0 8.
02/20/2020 10:59:24 PM Beacon frame received 0 8.
02/20/2020 10:59:24 PM Beacon frame received 0 8.
02/20/2020 10:59:24 PM Beacon frame received 0 8.
02/20/2020 10:59:24 PM Beacon frame received 0 8.
02/20/2020 10:59:24 PM Beacon frame received 0 8.
02/20/2020 10:59:24 PM Beacon frame received 0 8.
02/20/2020 10:59:24 PM Beacon frame received 0 8.
02/20/2020 10:59:24 PM Beacon frame received 0 8.
02/20/2020 10:59:24 PM Beacon frame received 0 8.
02/20/2020 10:59:24 PM Beacon frame received 0 8.
02/20/2020 10:59:24 PM Beacon frame received 0 8.
02/20/2020 10:59:24 PM Beacon frame received 0 8.
02/20/2020 10:59:24 PM Beacon frame received 0 8.
02/20/2020 10:59:24 PM Beacon frame received 0 8.
02/20/2020 10:59:24 PM Beacon frame received 0 8.
02/20/2020 10:59:24 PM Beacon frame received 0 8.
02/20/2020 10:59:24 PM Beacon frame received 0 8.
02/20/2020 10:59:24 PM Beacon frame received 0 8.
02/20/2020 10:59:24 PM Beacon frame received 0 8.
02/20/2020 10:59:24 PM Beacon frame received 0 8.
02/20/2020 10:59:24 PM Beacon frame received 0 8.
02/20/2020 10:59:24 PM Beacon frame received 0 8.
02/20/2020 10:59:24 PM Beacon frame received 0 8.
02/20/2020 10:59:24 PM Beacon frame received 0 8.
02/20/2020 10:59:24 PM Beacon frame received 0 8.
02/20/2020 10:59:24 PM Beacon frame received 0 8.
02/20/2020 10:59:24 PM Beacon frame received 0 8.
02/20/2020 10:59:24 PM Beacon frame received 0 8.
02/20/2020 10:59:24 PM Beacon frame received 0 8.
02/20/2020 10:59:24 PM Beacon frame received 0 8.
02/20/2020 10:59:24 PM Beacon frame received 0 8.
02/20/2020 10:59:25 PM Probe request received 0 4.
02/20/2020 10:59:25 PM Probe request received 0 4.
02/20/2020 10:59:25 PM Probe request received 0 4.
02/20/2020 10:59:25 PM Probe request received 0 4.
02/20/2020 10:59:25 PM Beacon frame received 0 8.
02/20/2020 10:59:25 PM Beacon frame received 0 8.
02/20/2020 10:59:25 PM Beacon frame received 0 8.
02/20/2020 10:59:25 PM Beacon frame received 0 8.
02/20/2020 10:59:25 PM Beacon frame received 0 8.
02/20/2020 10:59:25 PM Beacon frame received 0 8.
02/20/2020 10:59:25 PM Beacon frame received 0 8.
02/20/2020 10:59:25 PM Beacon frame received 0 8.
02/20/2020 10:59:25 PM Beacon frame received 0 8.
02/20/2020 10:59:25 PM Beacon frame received 0 8.
02/20/2020 10:59:25 PM Beacon frame received 0 8.
02/20/2020 10:59:25 PM Beacon frame received 0 8.
02/20/2020 10:59:25 PM Beacon frame received 0 8.
02/20/2020 10:59:25 PM Beacon frame received 0 8.
02/20/2020 10:59:25 PM Beacon frame received 0 8.
02/20/2020 10:59:25 PM Beacon frame received 0 8.
02/20/2020 10:59:25 PM Beacon frame received 0 8.
02/20/2020 10:59:25 PM Beacon frame received 0 8.
02/20/2020 10:59:25 PM Beacon frame received 0 8.
02/20/2020 10:59:25 PM Beacon frame received 0 8.
02/20/2020 10:59:25 PM Beacon frame received 0 8.
02/20/2020 10:59:25 PM Beacon frame received 0 8.
02/20/2020 10:59:25 PM Beacon frame received 0 8.
02/20/2020 10:59:25 PM Beacon frame received 0 8.
02/20/2020 10:59:25 PM Beacon frame received 0 8.
02/20/2020 10:59:25 PM Beacon frame received 0 8.
02/20/2020 10:59:25 PM Beacon frame received 0 8.
02/20/2020 10:59:25 PM Beacon frame received 0 8.
02/20/2020 10:59:25 PM Beacon frame received 0 8.
02/20/2020 10:59:25 PM Beacon frame received 0 8.
02/20/2020 10:59:25 PM Beacon frame received 0 8.
02/20/2020 10:59:25 PM Beacon frame received 0 8.
02/20/2020 10:59:25 PM Beacon frame received 0 8.
02/20/2020 10:59:25 PM Beacon frame received 0 8.
02/20/2020 10:59:25 PM Beacon frame received 0 8.
02/20/2020 10:59:25 PM Beacon frame received 0 8.
02/20/2020 10:59:25 PM Beacon frame received 0 8.
02/20/2020 10:59:25 PM Beacon frame received 0 8.
02/20/2020 10:59:25 PM Beacon frame received 0 8.
02/20/2020 10:59:25 PM Beacon frame received 0 8.
02/20/2020 10:59:25 PM Beacon frame received 0 8.
02/20/2020 10:59:25 PM Beacon frame received 0 8.
02/20/2020 10:59:25 PM Beacon frame received 0 8.
02/20/2020 10:59:25 PM Beacon frame received 0 8.
02/20/2020 10:59:25 PM Beacon frame received 0 8.
02/20/2020 10:59:25 PM Beacon frame received 0 8.
02/20/2020 10:59:25 PM Beacon frame received 0 8.
02/20/2020 10:59:25 PM Beacon frame received 0 8.
02/20/2020 10:59:26 PM Beacon frame received 0 8.
02/20/2020 10:59:26 PM Beacon frame received 0 8.
02/20/2020 10:59:26 PM Beacon frame received 0 8.
02/20/2020 10:59:26 PM Beacon frame received 0 8.
02/20/2020 10:59:26 PM Beacon frame received 0 8.
02/20/2020 10:59:26 PM Beacon frame received 0 8.
02/20/2020 10:59:26 PM Beacon frame received 0 8.
02/20/2020 10:59:26 PM Beacon frame received 0 8.
02/20/2020 10:59:26 PM Beacon frame received 0 8.
02/20/2020 10:59:26 PM Beacon frame received 0 8.
02/20/2020 10:59:26 PM Beacon frame received 0 8.
02/20/2020 10:59:26 PM Beacon frame received 0 8.
02/20/2020 10:59:26 PM Beacon frame received 0 8.
02/20/2020 10:59:26 PM Beacon frame received 0 8.
02/20/2020 10:59:26 PM Beacon frame received 0 8.
02/20/2020 10:59:26 PM Beacon frame received 0 8.
02/20/2020 10:59:26 PM Beacon frame received 0 8.
02/20/2020 10:59:26 PM Beacon frame received 0 8.
02/20/2020 10:59:26 PM Beacon frame received 0 8.
02/20/2020 10:59:26 PM Beacon frame received 0 8.
02/20/2020 10:59:26 PM Beacon frame received 0 8.
02/20/2020 10:59:26 PM Beacon frame received 0 8.
02/20/2020 10:59:26 PM Beacon frame received 0 8.
02/20/2020 10:59:26 PM Beacon frame received 0 8.
02/20/2020 10:59:26 PM Beacon frame received 0 8.
02/20/2020 10:59:26 PM Beacon frame received 0 8.
02/20/2020 10:59:26 PM Beacon frame received 0 8.
02/20/2020 10:59:26 PM Beacon frame received 0 8.
02/20/2020 10:59:26 PM Beacon frame received 0 8.
02/20/2020 10:59:26 PM Beacon frame received 0 8.
02/20/2020 10:59:26 PM Beacon frame received 0 8.
02/20/2020 10:59:26 PM Beacon frame received 0 8.
02/20/2020 10:59:26 PM Beacon frame received 0 8.
02/20/2020 10:59:26 PM Beacon frame received 0 8.
02/20/2020 10:59:26 PM Beacon frame received 0 8.
02/20/2020 10:59:26 PM Beacon frame received 0 8.
02/20/2020 10:59:26 PM Beacon frame received 0 8.
02/20/2020 10:59:26 PM Beacon frame received 0 8.
02/20/2020 10:59:26 PM Beacon frame received 0 8.
02/20/2020 10:59:26 PM Beacon frame received 0 8.
02/20/2020 10:59:26 PM Beacon frame received 0 8.
02/20/2020 10:59:26 PM Beacon frame received 0 8.
02/20/2020 10:59:26 PM Beacon frame received 0 8.
02/20/2020 10:59:26 PM Beacon frame received 0 8.
02/20/2020 10:59:26 PM Beacon frame received 0 8.
02/20/2020 10:59:26 PM Beacon frame received 0 8.
02/20/2020 10:59:26 PM Beacon frame received 0 8.
02/20/2020 10:59:26 PM Beacon frame received 0 8.
02/20/2020 10:59:26 PM Beacon frame received 0 8.
02/20/2020 10:59:26 PM Beacon frame received 0 8.
02/20/2020 10:59:26 PM Beacon frame received 0 8.
02/20/2020 10:59:26 PM Beacon frame received 0 8.
02/20/2020 10:59:26 PM Beacon frame received 0 8.
02/20/2020 10:59:26 PM Beacon frame received 0 8.
02/20/2020 10:59:26 PM Beacon frame received 0 8.
02/20/2020 10:59:26 PM Beacon frame received 0 8.
02/20/2020 10:59:26 PM Beacon frame received 0 8.
02/20/2020 10:59:26 PM Beacon frame received 0 8.
02/20/2020 10:59:26 PM Beacon frame received 0 8.
02/20/2020 10:59:26 PM Beacon frame received 0 8.
02/20/2020 10:59:27 PM Beacon frame received 0 8.
02/20/2020 10:59:27 PM Beacon frame received 0 8.
02/20/2020 10:59:27 PM Beacon frame received 0 8.
02/20/2020 10:59:27 PM Beacon frame received 0 8.
02/20/2020 10:59:27 PM Beacon frame received 0 8.
02/20/2020 10:59:27 PM Beacon frame received 0 8.
02/20/2020 10:59:27 PM Beacon frame received 0 8.
02/20/2020 10:59:27 PM Beacon frame received 0 8.
02/20/2020 10:59:27 PM Beacon frame received 0 8.
02/20/2020 10:59:27 PM Beacon frame received 0 8.
02/20/2020 10:59:27 PM Beacon frame received 0 8.
02/20/2020 10:59:27 PM Beacon frame received 0 8.
02/20/2020 10:59:27 PM Beacon frame received 0 8.
02/20/2020 10:59:27 PM Beacon frame received 0 8.
02/20/2020 10:59:27 PM Beacon frame received 0 8.
02/20/2020 10:59:27 PM Beacon frame received 0 8.
02/20/2020 10:59:27 PM Beacon frame received 0 8.
02/20/2020 10:59:27 PM Beacon frame received 0 8.
02/20/2020 10:59:27 PM Beacon frame received 0 8.
02/20/2020 10:59:27 PM Beacon frame received 0 8.
02/20/2020 10:59:27 PM Beacon frame received 0 8.
02/20/2020 10:59:27 PM Beacon frame received 0 8.
02/20/2020 10:59:27 PM Beacon frame received 0 8.
02/20/2020 10:59:27 PM Beacon frame received 0 8.
02/20/2020 10:59:27 PM Beacon frame received 0 8.
02/20/2020 10:59:27 PM Beacon frame received 0 8.
02/20/2020 10:59:27 PM Beacon frame received 0 8.
02/20/2020 10:59:27 PM Beacon frame received 0 8.
02/20/2020 10:59:27 PM Beacon frame received 0 8.
02/20/2020 10:59:27 PM Beacon frame received 0 8.
02/20/2020 10:59:27 PM Beacon frame received 0 8.
02/20/2020 10:59:27 PM Beacon frame received 0 8.
02/20/2020 10:59:27 PM Beacon frame received 0 8.
02/20/2020 10:59:27 PM Beacon frame received 0 8.
02/20/2020 10:59:27 PM Beacon frame received 0 8.
02/20/2020 10:59:27 PM Beacon frame received 0 8.
02/20/2020 10:59:27 PM Beacon frame received 0 8.
02/20/2020 10:59:27 PM Beacon frame received 0 8.
02/20/2020 10:59:27 PM Beacon frame received 0 8.
02/20/2020 10:59:27 PM Beacon frame received 0 8.
02/20/2020 10:59:27 PM Beacon frame received 0 8.
02/20/2020 10:59:27 PM Beacon frame received 0 8.
02/20/2020 10:59:27 PM Beacon frame received 0 8.
02/20/2020 10:59:27 PM Beacon frame received 0 8.
02/20/2020 10:59:27 PM Beacon frame received 0 8.
02/20/2020 10:59:27 PM Beacon frame received 0 8.
02/20/2020 10:59:27 PM Beacon frame received 0 8.
02/20/2020 10:59:27 PM Beacon frame received 0 8.
02/20/2020 10:59:27 PM Beacon frame received 0 8.
02/20/2020 10:59:27 PM Beacon frame received 0 8.
02/20/2020 10:59:27 PM Beacon frame received 0 8.
02/20/2020 10:59:27 PM Beacon frame received 0 8.
02/20/2020 10:59:27 PM Beacon frame received 0 8.
02/20/2020 10:59:27 PM Beacon frame received 0 8.
02/20/2020 10:59:27 PM Beacon frame received 0 8.
02/20/2020 10:59:28 PM Beacon frame received 0 8.
02/20/2020 10:59:28 PM Beacon frame received 0 8.
02/20/2020 10:59:28 PM Beacon frame received 0 8.
02/20/2020 10:59:28 PM Beacon frame received 0 8.
02/20/2020 10:59:28 PM Beacon frame received 0 8.
02/20/2020 10:59:28 PM Beacon frame received 0 8.
02/20/2020 10:59:28 PM Beacon frame received 0 8.
02/20/2020 10:59:28 PM Beacon frame received 0 8.
02/20/2020 10:59:28 PM Beacon frame received 0 8.
02/20/2020 10:59:28 PM Beacon frame received 0 8.
02/20/2020 10:59:28 PM Beacon frame received 0 8.
02/20/2020 10:59:28 PM Beacon frame received 0 8.
02/20/2020 10:59:28 PM Beacon frame received 0 8.
02/20/2020 10:59:28 PM Beacon frame received 0 8.
02/20/2020 10:59:28 PM Beacon frame received 0 8.
02/20/2020 10:59:28 PM Beacon frame received 0 8.
02/20/2020 10:59:28 PM Beacon frame received 0 8.
02/20/2020 10:59:28 PM Beacon frame received 0 8.
02/20/2020 10:59:28 PM Beacon frame received 0 8.
02/20/2020 10:59:28 PM Beacon frame received 0 8.
02/20/2020 10:59:28 PM Beacon frame received 0 8.
02/20/2020 10:59:28 PM Beacon frame received 0 8.
02/20/2020 10:59:28 PM Beacon frame received 0 8.
02/20/2020 10:59:28 PM Beacon frame received 0 8.
02/20/2020 10:59:28 PM Beacon frame received 0 8.
02/20/2020 10:59:28 PM Beacon frame received 0 8.
02/20/2020 10:59:28 PM Beacon frame received 0 8.
02/20/2020 10:59:28 PM Beacon frame received 0 8.
02/20/2020 10:59:28 PM Beacon frame received 0 8.
02/20/2020 10:59:28 PM Beacon frame received 0 8.
02/20/2020 10:59:28 PM Beacon frame received 0 8.
02/20/2020 10:59:28 PM Beacon frame received 0 8.
02/20/2020 10:59:28 PM Beacon frame received 0 8.
02/20/2020 10:59:28 PM Beacon frame received 0 8.
02/20/2020 10:59:28 PM Beacon frame received 0 8.
02/20/2020 10:59:28 PM Beacon frame received 0 8.
02/20/2020 10:59:28 PM Beacon frame received 0 8.
02/20/2020 10:59:28 PM Beacon frame received 0 8.
02/20/2020 10:59:28 PM Beacon frame received 0 8.
02/20/2020 10:59:28 PM Beacon frame received 0 8.
02/20/2020 10:59:28 PM Beacon frame received 0 8.
02/20/2020 10:59:28 PM Beacon frame received 0 8.
02/20/2020 10:59:28 PM Beacon frame received 0 8.
02/20/2020 10:59:28 PM Beacon frame received 0 8.
02/20/2020 10:59:28 PM Beacon frame received 0 8.
02/20/2020 10:59:28 PM Beacon frame received 0 8.
02/20/2020 10:59:28 PM Beacon frame received 0 8.
02/20/2020 10:59:28 PM Beacon frame received 0 8.
02/20/2020 10:59:28 PM Beacon frame received 0 8.
02/20/2020 10:59:28 PM Beacon frame received 0 8.
02/20/2020 10:59:28 PM Beacon frame received 0 8.
02/20/2020 10:59:28 PM Beacon frame received 0 8.
02/20/2020 10:59:28 PM Beacon frame received 0 8.
02/20/2020 10:59:28 PM Beacon frame received 0 8.
02/20/2020 10:59:28 PM Beacon frame received 0 8.
02/20/2020 10:59:28 PM Beacon frame received 0 8.
02/20/2020 10:59:28 PM Beacon frame received 0 8.
02/20/2020 10:59:28 PM Beacon frame received 0 8.
02/20/2020 10:59:29 PM Beacon frame received 0 8.
02/20/2020 10:59:29 PM Beacon frame received 0 8.
02/20/2020 10:59:29 PM Beacon frame received 0 8.
02/20/2020 10:59:29 PM Beacon frame received 0 8.
02/20/2020 10:59:29 PM Beacon frame received 0 8.
02/20/2020 10:59:29 PM Beacon frame received 0 8.
02/20/2020 10:59:29 PM Beacon frame received 0 8.
02/20/2020 10:59:29 PM Beacon frame received 0 8.
02/20/2020 10:59:29 PM Beacon frame received 0 8.
02/20/2020 10:59:29 PM Beacon frame received 0 8.
02/20/2020 10:59:29 PM Beacon frame received 0 8.
02/20/2020 10:59:29 PM Beacon frame received 0 8.
02/20/2020 10:59:29 PM Beacon frame received 0 8.
02/20/2020 10:59:29 PM Beacon frame received 0 8.
02/20/2020 10:59:29 PM Beacon frame received 0 8.
02/20/2020 10:59:29 PM Beacon frame received 0 8.
02/20/2020 10:59:29 PM Beacon frame received 0 8.
02/20/2020 10:59:29 PM Beacon frame received 0 8.
02/20/2020 10:59:29 PM Beacon frame received 0 8.
02/20/2020 10:59:29 PM Beacon frame received 0 8.
02/20/2020 10:59:29 PM Beacon frame received 0 8.
02/20/2020 10:59:29 PM Beacon frame received 0 8.
02/20/2020 10:59:29 PM Beacon frame received 0 8.
02/20/2020 10:59:29 PM Beacon frame received 0 8.
02/20/2020 10:59:29 PM Beacon frame received 0 8.
02/20/2020 10:59:29 PM Beacon frame received 0 8.
02/20/2020 10:59:29 PM Beacon frame received 0 8.
02/20/2020 10:59:29 PM Beacon frame received 0 8.
02/20/2020 10:59:29 PM Beacon frame received 0 8.
